[21:02:43] [ServerMain/INFO]: [bootstrap] Running Java 21 (OpenJDK 64-Bit Server VM 21.0.6+7-Ubuntu-120.04.1; Ubuntu null) on Linux 6.8.0-1021-azure (amd64)
[21:02:43] [ServerMain/INFO]: [bootstrap] Loading Paper 1.21-130-master@b1b5d4c (2024-08-10T10:02:42Z) for Minecraft 1.21
[21:02:43] [ServerMain/INFO]: [PluginInitializerManager] Initializing plugins...
[21:02:43] [ServerMain/INFO]: [PluginInitializerManager] Initialized 0 plugins
[21:02:44] [Paper Plugin Remapper Thread - 0/INFO]: [ReobfServer] Remapping server...
[21:02:49] [ServerMain/INFO]: Environment: Environment[sessionHost=https://sessionserver.mojang.com, servicesHost=https://api.minecraftservices.com, name=PROD]
[21:02:50] [ServerMain/WARN]: Missing data pack fabric
[21:02:50] [ServerMain/WARN]: Missing data pack advancednetherite
[21:02:50] [ServerMain/WARN]: Missing data pack betterdeserttemples
[21:02:50] [ServerMain/WARN]: Missing data pack betterdungeons
[21:02:50] [ServerMain/WARN]: Missing data pack bettermineshafts
[21:02:50] [ServerMain/WARN]: Missing data pack betteroceanmonuments
[21:02:50] [ServerMain/WARN]: Missing data pack betterstrongholds
[21:02:50] [ServerMain/WARN]: Missing data pack fabric-convention-tags-v2
[21:02:50] [ServerMain/WARN]: Missing data pack tool_trims
[21:02:50] [ServerMain/WARN]: Missing data pack travelersbackpack
[21:02:50] [ServerMain/WARN]: Missing data pack trimmable_tools
[21:02:50] [ServerMain/WARN]: Missing data pack yungsapi
[21:02:50] [ServerMain/WARN]: Missing data pack lunar
[21:02:50] [ServerMain/INFO]: Found new data pack file/bukkit, loading it automatically
[21:02:50] [ServerMain/INFO]: Found new data pack paper, loading it automatically
[21:02:52] [Paper Plugin Remapper Thread - 0/INFO]: [ReobfServer] Done remapping server in 8611ms.
[21:02:53] [ServerMain/INFO]: Loaded 1292 recipes
[21:02:53] [ServerMain/INFO]: Loaded 1403 advancements
[21:02:53] [Server thread/INFO]: Starting minecraft server version 1.21
[21:02:53] [Server thread/INFO]: Loading properties
[21:02:53] [Server thread/INFO]: This server is running Paper version 1.21-130-master@b1b5d4c (2024-08-10T10:02:42Z) (Implementing API version 1.21-R0.1-SNAPSHOT)
[21:02:54] [Server thread/INFO]: [spark] This server bundles the spark profiler. For more information please visit https://docs.papermc.io/paper/profiling
[21:02:54] [Server thread/INFO]: Server Ping Player Sample Count: 12
[21:02:54] [Server thread/INFO]: Using 4 threads for Netty based IO
[21:02:55] [Server thread/INFO]: [ChunkTaskScheduler] Chunk system is using 1 I/O threads, 1 worker threads, and population gen parallelism of 1 threads
[21:02:55] [Server thread/INFO]: Default game type: SURVIVAL
[21:02:55] [Server thread/INFO]: Generating keypair
[21:02:55] [Server thread/INFO]: Starting Minecraft server on *:25565
[21:02:55] [Server thread/INFO]: Using epoll channel type
[21:02:55] [Server thread/INFO]: Paper: Using libdeflate (Linux x86_64) compression from Velocity.
[21:02:55] [Server thread/INFO]: Paper: Using OpenSSL 1.1.x (Linux x86_64) cipher from Velocity.
[21:02:55] [Server thread/WARN]: **** SERVER IS RUNNING IN OFFLINE/INSECURE MODE!
[21:02:55] [Server thread/WARN]: The server will make no attempt to authenticate usernames. Beware.
[21:02:55] [Server thread/WARN]: While this makes the game possible to play without internet access, it also opens up the ability for hackers to connect with any username they choose.
[21:02:55] [Server thread/WARN]: To change this, set "online-mode" to "true" in the server.properties file.
[21:02:55] [Server thread/INFO]: Preparing level "world"
[21:02:56] [Server thread/INFO]: ---- Migration of old nether folder required ----
[21:02:56] [Server thread/INFO]: Unfortunately due to the way that Minecraft implemented multiworld support in 1.6, Bukkit requires that you move your nether folder to a new location in order to operate correctly.
[21:02:56] [Server thread/INFO]: We will move this folder for you, but it will mean that you need to move it back should you wish to stop using Bukkit in the future.
[21:02:56] [Server thread/INFO]: Attempting to move world/DIM-1 to world_nether/DIM-1...
[21:02:56] [Server thread/INFO]: Success! To restore nether in the future, simply move world_nether/DIM-1 to world/DIM-1
[21:02:56] [Server thread/INFO]: ---- Migration of old nether folder complete ----
[21:02:56] [Server thread/INFO]: ---- Migration of old the_end folder required ----
[21:02:56] [Server thread/INFO]: Unfortunately due to the way that Minecraft implemented multiworld support in 1.6, Bukkit requires that you move your the_end folder to a new location in order to operate correctly.
[21:02:56] [Server thread/INFO]: We will move this folder for you, but it will mean that you need to move it back should you wish to stop using Bukkit in the future.
[21:02:56] [Server thread/INFO]: Attempting to move world/DIM1 to world_the_end/DIM1...
[21:02:56] [Server thread/INFO]: Success! To restore the_end in the future, simply move world_the_end/DIM1 to world/DIM1
[21:02:56] [Server thread/INFO]: ---- Migration of old the_end folder complete ----
[21:02:56] [Server thread/INFO]: Preparing start region for dimension minecraft:overworld
[21:02:56] [Server thread/INFO]: Time elapsed: 714 ms
[21:02:56] [Server thread/INFO]: Preparing start region for dimension minecraft:the_nether
[21:03:01] [Server thread/INFO]: Time elapsed: 4204 ms
[21:03:01] [Server thread/INFO]: Preparing start region for dimension minecraft:the_end
[21:03:02] [Server thread/INFO]: Time elapsed: 868 ms
[21:03:02] [Server thread/INFO]: [spark] Starting background profiler...
[21:03:02] [Server thread/INFO]: Done preparing level "world" (6.463s)
[21:03:02] [Server thread/INFO]: Running delayed init tasks
[21:03:02] [Server thread/INFO]: Done (20.038s)! For help, type "help"
[21:03:02] [Server thread/INFO]: *************************************************************************************
[21:03:02] [Server thread/INFO]: This is the first time you're starting this server.
[21:03:02] [Server thread/INFO]: It's recommended you read our 'Getting Started' documentation for guidance.
[21:03:02] [Server thread/INFO]: View this and more helpful information here: https://docs.papermc.io/paper/next-steps
[21:03:02] [Server thread/INFO]: *************************************************************************************
[21:03:02] [Server thread/INFO]: Timings Reset
[21:03:42] [User Authenticator #0/INFO]: UUID of player ItsFernand is a068b73c-a17f-3917-8d73-f1662ec9f7ff
[21:03:43] [Server thread/INFO]: ItsFernand joined the game
[21:03:43] [Server thread/INFO]: ItsFernand[/127.223.87.234:50875] logged in with entity id 27 at ([world]0.5, 61.0, 0.5)
[21:08:40] [Server thread/INFO]: Stopping the server
[21:08:40] [Server thread/INFO]: Stopping server
[21:08:40] [Server thread/INFO]: Saving players
[21:08:40] [Server thread/INFO]: ItsFernand lost connection: Server closed
[21:08:40] [Server thread/INFO]: ItsFernand left the game
[21:08:40] [Server thread/INFO]: Saving worlds
[21:08:40] [Server thread/INFO]: Saving chunks for level 'ServerLevel[world]'/minecraft:overworld
[21:08:40] [Server thread/INFO]: [ChunkHolderManager] Waiting 60s for chunk system to halt for world 'world'
[21:08:40] [Server thread/INFO]: [ChunkHolderManager] Halted chunk system for world 'world'
[21:08:40] [Server thread/INFO]: [ChunkHolderManager] Saving all chunkholders for world 'world'
[21:08:41] [Server thread/INFO]: [ChunkHolderManager] Saved 576 block chunks, 578 entity chunks, 0 poi chunks in world 'world' in 0.25s
[21:08:41] [Server thread/INFO]: Saving chunks for level 'ServerLevel[world_nether]'/minecraft:the_nether
[21:08:41] [Server thread/INFO]: [ChunkHolderManager] Waiting 60s for chunk system to halt for world 'world_nether'
[21:08:41] [Server thread/INFO]: [ChunkHolderManager] Halted chunk system for world 'world_nether'
[21:08:41] [Server thread/INFO]: [ChunkHolderManager] Saving all chunkholders for world 'world_nether'
[21:08:41] [Server thread/INFO]: [ChunkHolderManager] Saved 792 block chunks, 2 entity chunks, 0 poi chunks in world 'world_nether' in 0.27s
[21:08:41] [Server thread/INFO]: Saving chunks for level 'ServerLevel[world_the_end]'/minecraft:the_end
[21:08:41] [Server thread/INFO]: [ChunkHolderManager] Waiting 60s for chunk system to halt for world 'world_the_end'
[21:08:41] [Server thread/INFO]: [ChunkHolderManager] Halted chunk system for world 'world_the_end'
[21:08:41] [Server thread/INFO]: [ChunkHolderManager] Saving all chunkholders for world 'world_the_end'
[21:08:41] [Server thread/INFO]: [ChunkHolderManager] Saved 792 block chunks, 10 entity chunks, 0 poi chunks in world 'world_the_end' in 0.32s
[21:08:41] [Server thread/INFO]: ThreadedAnvilChunkStorage (world): All chunks are saved
[21:08:41] [Server thread/INFO]: ThreadedAnvilChunkStorage (DIM-1): All chunks are saved
[21:08:41] [Server thread/INFO]: ThreadedAnvilChunkStorage (DIM1): All chunks are saved
[21:08:41] [Server thread/INFO]: ThreadedAnvilChunkStorage: All dimensions are saved
